<?xml version="1.0" encoding="UTF-8"?>
<testng-results ignored="0" total="1" passed="1" failed="0" skipped="0">
  <reporter-output>
  </reporter-output>
  <suite started-at="2025-03-29T15:30:42 IST" name="Default suite" finished-at="2025-03-29T15:30:42 IST" duration-ms="135">
    <groups>
    </groups>
    <test started-at="2025-03-29T15:30:42 IST" name="Default test" finished-at="2025-03-29T15:30:42 IST" duration-ms="135">
      <class name="selenium.Demo.Demo3">
        <test-method signature="method()[pri:0, instance:selenium.Demo.Demo3@206a70ef]" started-at="2025-03-29T15:30:42 IST" name="method" finished-at="2025-03-29T15:30:42 IST" duration-ms="26" status="PASS">
          <reporter-output>
          </reporter-output>
        </test-method> <!-- method -->
      </class> <!-- selenium.Demo.Demo3 -->
    </test> <!-- Default test -->
  </suite> <!-- Default suite -->
</testng-results>
